Added Component: Designator=C1(CAPC0603(1608)100_L)
Added Component: Designator=C2(CAPC0603(1608)100_N)
Added Component: Designator=C3(CAPC0603(1608)100_N)
Added Component: Designator=C4(CAPC0603(1608)100_N)
Added Component: Designator=C5(CAPC0603(1608)100_N)
Added Component: Designator=C6(CAPC0603(1608)100_M)
Added Component: Designator=C7(CAPC0603(1608)100_M)
Added Component: Designator=C8(CAPC0603(1608)100_M)
Added Component: Designator=C9(CAPC0603(1608)100_M)
Added Component: Designator=C10(CAPC0603(1608)100_M)
Added Component: Designator=C11(CAPC0603(1608)100_M)
Added Component: Designator=C12(CAPC0603(1608)100_M)
Added Component: Designator=C13(CAPC0603(1608)100_M)
Added Component: Designator=C14(CAPC0603(1608)100_M)
Added Component: Designator=C15(CAPC0603(1608)100_M)
Added Component: Designator=C16(CAPC0603(1608)100_N)
Added Component: Designator=C17(CAPC0603(1608)100_M)
Added Component: Designator=C18(CAPC0603(1608)55_N)
Added Component: Designator=C19(CAPC1206(3216)190_L)
Added Component: Designator=C20(CAPC1206(3216)190_L)
Added Component: Designator=C21(CAPC0603(1608)100_N)
Added Component: Designator=C22(CAPC0603(1608)55_N)
Added Component: Designator=C23(CAPC1206(3216)190_L)
Added Component: Designator=C24(CAPC1206(3216)190_L)
Added Component: Designator=C25(CAPC0603(1608)55_N)
Added Component: Designator=C26(CAPC1206(3216)190_L)
Added Component: Designator=C27(CAPC1206(3216)190_L)
Added Component: Designator=C28(CAPC0603(1608)100_M)
Added Component: Designator=C29(CAPC0603(1608)100_N)
Added Component: Designator=C30(CAPC0603(1608)100_L)
Added Component: Designator=C31(CAPC0603(1608)100_N)
Added Component: Designator=C32(CAPC0603(1608)100_M)
Added Component: Designator=C33(CAPC0603(1608)100_N)
Added Component: Designator=C34(CAPC0603(1608)100_N)
Added Component: Designator=C35(CAPC0603(1608)100_M)
Added Component: Designator=C36(CAPC0603(1608)100_M)
Added Component: Designator=C37(CAPC0603(1608)100_M)
Added Component: Designator=C38(CAPC0603(1608)100_M)
Added Component: Designator=C39(CAPC0603(1608)100_M)
Added Component: Designator=C40(CAPC0603(1608)100_M)
Added Component: Designator=C41(CAPC0603(1608)100_L)
Added Component: Designator=C42(CAPC0603(1608)100_N)
Added Component: Designator=C43(CAPC1210(3225)250_N)
Added Component: Designator=C44(CAPC1210(3225)250_N)
Added Component: Designator=C45(CAPC0603(1608)100_M)
Added Component: Designator=C46(CAPC0603(1608)100_M)
Added Component: Designator=C47(CAPC0603(1608)100_L)
Added Component: Designator=C48(CAPC0603(1608)100_L)
Added Component: Designator=C49(CAPC0603(1608)100_L)
Added Component: Designator=C50(CAPC0603(1608)100_L)
Added Component: Designator=C51(CAPC1210(3225)250_N)
Added Component: Designator=C52(CAPC0603(1608)100_M)
Added Component: Designator=C53(CAPC0603(1608)100_M)
Added Component: Designator=C54(CAPC0603(1608)100_L)
Added Component: Designator=C55(CAPC0603(1608)100_L)
Added Component: Designator=C56(CAPC0603(1608)100_L)
Added Component: Designator=C57(CAPC0603(1608)100_L)
Added Component: Designator=C58(CAPC1210(3225)250_N)
Added Component: Designator=C59(CAPC0603(1608)100_M)
Added Component: Designator=C60(CAPC0603(1608)100_M)
Added Component: Designator=C61(CAPC0603(1608)100_L)
Added Component: Designator=C62(CAPC0603(1608)100_L)
Added Component: Designator=C63(CAPC0603(1608)100_L)
Added Component: Designator=C64(CAPC0603(1608)100_L)
Added Component: Designator=C65(CAPC1210(3225)250_N)
Added Component: Designator=C66(CAPC0603(1608)100_M)
Added Component: Designator=C67(CAPC0603(1608)100_M)
Added Component: Designator=C68(CAPC0603(1608)100_L)
Added Component: Designator=C69(CAPC0603(1608)100_L)
Added Component: Designator=C70(CAPC0603(1608)100_L)
Added Component: Designator=C71(CAPC0603(1608)100_L)
Added Component: Designator=C72(CAPC0603(1608)100_M)
Added Component: Designator=C73(CAPC1210(3225)250_N)
Added Component: Designator=C74(CAPC0603(1608)100_M)
Added Component: Designator=C75(CAPC0603(1608)100_M)
Added Component: Designator=C76(CAPC0603(1608)100_L)
Added Component: Designator=C77(CAPC0603(1608)100_L)
Added Component: Designator=C78(CAPC0603(1608)100_L)
Added Component: Designator=C79(CAPC1210(3225)250_N)
Added Component: Designator=C80(CAPC0603(1608)100_M)
Added Component: Designator=C81(CAPC0603(1608)100_M)
Added Component: Designator=C82(CAPC0603(1608)100_L)
Added Component: Designator=C83(CAPC0603(1608)100_L)
Added Component: Designator=C84(CAPC0603(1608)100_L)
Added Component: Designator=C85(CAPC0603(1608)100_L)
Added Component: Designator=C86(CAPC1210(3225)250_N)
Added Component: Designator=C87(CAPC0603(1608)100_N)
Added Component: Designator=C88(CAPC0603(1608)100_N)
Added Component: Designator=C89(CAPC0603(1608)100_N)
Added Component: Designator=D1(NXP SOT457)
Added Component: Designator=D2(NXP SOT457)
Added Component: Designator=D3(NXP SOT457)
Added Component: Designator=D4(NXP SOT457)
Added Component: Designator=D5(NXP SOT457)
Added Component: Designator=J1(KONV-KSDC012551_V)
Added Component: Designator=J2(2x7 2mm)
Added Component: Designator=J3(MOLX-67503-1020_V)
Added Component: Designator=J4(MOLX-67503-1020_V)
Added Component: Designator=J5(MOLX-67503-1020_V)
Added Component: Designator=J6(MOLX-67503-1020_V)
Added Component: Designator=J7(MOLX-67503-1020_V)
Added Component: Designator=LED1(0603_A)
Added Component: Designator=LED2(0603_A)
Added Component: Designator=LED3(0603_A)
Added Component: Designator=LED4(0603_A)
Added Component: Designator=LED5(0603_A)
Added Component: Designator=LED6(0603_A)
Added Component: Designator=LED7(0603_A)
Added Component: Designator=LED8(0603_A)
Added Component: Designator=LED9(0603_A)
Added Component: Designator=LED10(0603_A)
Added Component: Designator=LED11(0603_A)
Added Component: Designator=LED12(0603_A)
Added Component: Designator=LED13(0603_A)
Added Component: Designator=LED14(0603_A)
Added Component: Designator=LED15(0603_A)
Added Component: Designator=LED16(0603_A)
Added Component: Designator=LED17(0603_A)
Added Component: Designator=nt0(net tie)
Added Component: Designator=nt1(net tie)
Added Component: Designator=OSC1(FXO-HC73)
Added Component: Designator=OSC2(FXO-HC73)
Added Component: Designator=OSC3(FXO-HC73)
Added Component: Designator=P1(PCE-BH2542-20-SPGRH-3.0_VA)
Added Component: Designator=P2(SMTC-TSW-103-08-X-D)
Added Component: Designator=P3(SMTC-TSW-103-08-X-D)
Added Component: Designator=P4(SMTC-TSW-105-05-X-D)
Added Component: Designator=P5(SMTC-HTSW-107-42-X-D)
Added Component: Designator=P6(SMTC-TSW-102-26-XX-S)
Added Component: Designator=P7(SCREW-5.0-2WAYS_V)
Added Component: Designator=P8(SMTC-TSW-116-08-X-S)
Added Component: Designator=P9(SMTC-TSW-104-08-X-S)
Added Component: Designator=P10(SMTC-TSW-105-05-X-S)
Added Component: Designator=P11(SMTC-MTLW-116-07-X-S-265)
Added Component: Designator=P12(SMTC-MTLW-116-07-X-S-265)
Added Component: Designator=P13(SMTC-MTLW-112-07-X-S-125)
Added Component: Designator=R1(RESC0603(1608)_L)
Added Component: Designator=R2(RESC0603(1608)_L)
Added Component: Designator=R3(RESC0603(1608)_N)
Added Component: Designator=R4(RESC0603(1608)_N)
Added Component: Designator=R5(RESC0603(1608)_N)
Added Component: Designator=R6(RESC0603(1608)_N)
Added Component: Designator=R7(RESC0603(1608)_N)
Added Component: Designator=R8(RESC0603(1608)_N)
Added Component: Designator=R9(RESC0603(1608)_N)
Added Component: Designator=R10(RESC0603(1608)_N)
Added Component: Designator=R11(RESC0603(1608)_N)
Added Component: Designator=R12(RESC0603(1608)_N)
Added Component: Designator=R13(RESC0603(1608)_N)
Added Component: Designator=R14(RESC0603(1608)_N)
Added Component: Designator=R15(RESC0603(1608)_N)
Added Component: Designator=R16(RESC0603(1608)_M)
Added Component: Designator=R17(RESC0603(1608)_M)
Added Component: Designator=R18(RESC0603(1608)_L)
Added Component: Designator=R19(RESC0603(1608)_L)
Added Component: Designator=R20(RESC0603(1608)_L)
Added Component: Designator=R21(RESC0603(1608)_L)
Added Component: Designator=R22(RESC0603(1608)_N)
Added Component: Designator=R23(RESC0603(1608)_N)
Added Component: Designator=R24(RESC0603(1608)_N)
Added Component: Designator=R25(RESC0603(1608)_N)
Added Component: Designator=R26(RESC0603(1608)_N)
Added Component: Designator=R27(RESC0603(1608)_N)
Added Component: Designator=R28(RESC0603(1608)_N)
Added Component: Designator=R29(RESC0603(1608)_L)
Added Component: Designator=R30(RESC0603(1608)_N)
Added Component: Designator=R31(RESC0603(1608)_N)
Added Component: Designator=R32(RESC0603(1608)_N)
Added Component: Designator=R33(RESC0603(1608)_N)
Added Component: Designator=R34(RESC0603(1608)_M)
Added Component: Designator=R35(RESC0603(1608)_N)
Added Component: Designator=R36(RESC0603(1608)_N)
Added Component: Designator=R37(RESC0603(1608)_N)
Added Component: Designator=R38(RESC0603(1608)_N)
Added Component: Designator=R39(RESC0603(1608)_N)
Added Component: Designator=R40(RESC0603(1608)_N)
Added Component: Designator=R41(RESC0603(1608)_N)
Added Component: Designator=R42(RESC0603(1608)_N)
Added Component: Designator=R43(RESC0603(1608)_N)
Added Component: Designator=R44(RESC0603(1608)_M)
Added Component: Designator=R45(RESC0603(1608)_N)
Added Component: Designator=R46(RESC0603(1608)_L)
Added Component: Designator=R47(RESC0603(1608)_N)
Added Component: Designator=R48(RESC0603(1608)_N)
Added Component: Designator=R49(RESC0603(1608)_N)
Added Component: Designator=R50(RESC0603(1608)_N)
Added Component: Designator=R51(RESC0603(1608)_L)
Added Component: Designator=R52(RESC0603(1608)_N)
Added Component: Designator=R53(RESC0603(1608)_N)
Added Component: Designator=R54(RESC0603(1608)_L)
Added Component: Designator=R55(RESC0603(1608)_L)
Added Component: Designator=R56(RESC0603(1608)_L)
Added Component: Designator=R57(RESC0603(1608)_L)
Added Component: Designator=R58(RESC0603(1608)_L)
Added Component: Designator=R59(RESC0603(1608)_L)
Added Component: Designator=R60(RESC0603(1608)_M)
Added Component: Designator=R61(RESC0603(1608)_M)
Added Component: Designator=R62(RESC0603(1608)_M)
Added Component: Designator=R63(RESC0603(1608)_M)
Added Component: Designator=R64(RESC0603(1608)_M)
Added Component: Designator=R65(RESC0603(1608)_M)
Added Component: Designator=R66(RESC0603(1608)_N)
Added Component: Designator=R67(RESC0603(1608)_N)
Added Component: Designator=R68(RESC0603(1608)_N)
Added Component: Designator=R69(RESC0603(1608)_N)
Added Component: Designator=R70(RESC0603(1608)_N)
Added Component: Designator=R71(RESC0603(1608)_N)
Added Component: Designator=R72(RESC0603(1608)_N)
Added Component: Designator=R73(RESC0603(1608)_N)
Added Component: Designator=R74(RESC0603(1608)_L)
Added Component: Designator=R75(RESC0603(1608)_N)
Added Component: Designator=R76(RESC0603(1608)_N)
Added Component: Designator=R77(RESC0603(1608)_N)
Added Component: Designator=SW1(OMRON-B3S-1000-4_V)
Added Component: Designator=SW2(418127270903)
Added Component: Designator=SW3(OMRON-B3S-1000-4_V)
Added Component: Designator=SW4(OMRON-B3S-1000-4_V)
Added Component: Designator=U1(ENMR-BGA112)
Added Component: Designator=U2(MICT-SE-8_N)
Added Component: Designator=U3(TJ5A_M)
Added Component: Designator=U4(LT-S6_M)
Added Component: Designator=U5(TJ5A_M)
Added Component: Designator=U6(TJ5A_M)
Added Component: Designator=U7(MCHP-QFN-32-5x5_V2)
Added Component: Designator=U8(FTG256)
Added Component: Designator=U9(PW14_N)
Added Component: Designator=U10(PW0020A_L)
Added Pin To Net: NetName=0V Pin=C1-1
Added Pin To Net: NetName=0V Pin=C2-1
Added Pin To Net: NetName=0V Pin=C3-2
Added Pin To Net: NetName=0V Pin=C4-1
Added Pin To Net: NetName=0V Pin=C5-1
Added Pin To Net: NetName=0V Pin=C6-1
Added Pin To Net: NetName=0V Pin=C7-1
Added Pin To Net: NetName=0V Pin=C8-1
Added Pin To Net: NetName=0V Pin=C9-1
Added Pin To Net: NetName=0V Pin=C10-1
Added Pin To Net: NetName=0V Pin=C11-1
Added Pin To Net: NetName=0V Pin=C12-1
Added Pin To Net: NetName=0V Pin=C13-1
Added Pin To Net: NetName=0V Pin=C14-1
Added Pin To Net: NetName=0V Pin=C15-1
Added Pin To Net: NetName=0V Pin=C16-1
Added Pin To Net: NetName=0V Pin=C17-1
Added Pin To Net: NetName=0V Pin=C18-1
Added Pin To Net: NetName=0V Pin=C19-1
Added Pin To Net: NetName=0V Pin=C20-1
Added Pin To Net: NetName=0V Pin=C21-1
Added Pin To Net: NetName=0V Pin=C22-1
Added Pin To Net: NetName=0V Pin=C23-1
Added Pin To Net: NetName=0V Pin=C24-1
Added Pin To Net: NetName=0V Pin=C25-1
Added Pin To Net: NetName=0V Pin=C26-1
Added Pin To Net: NetName=0V Pin=C27-1
Added Pin To Net: NetName=0V Pin=C28-1
Added Pin To Net: NetName=0V Pin=C29-1
Added Pin To Net: NetName=0V Pin=C30-1
Added Pin To Net: NetName=0V Pin=C31-1
Added Pin To Net: NetName=0V Pin=C32-1
Added Pin To Net: NetName=0V Pin=C33-1
Added Pin To Net: NetName=0V Pin=C34-1
Added Pin To Net: NetName=0V Pin=C35-1
Added Pin To Net: NetName=0V Pin=C36-1
Added Pin To Net: NetName=0V Pin=C37-1
Added Pin To Net: NetName=0V Pin=C38-1
Added Pin To Net: NetName=0V Pin=C39-1
Added Pin To Net: NetName=0V Pin=C40-1
Added Pin To Net: NetName=0V Pin=C41-1
Added Pin To Net: NetName=0V Pin=C42-1
Added Pin To Net: NetName=0V Pin=C43-1
Added Pin To Net: NetName=0V Pin=C44-1
Added Pin To Net: NetName=0V Pin=C45-1
Added Pin To Net: NetName=0V Pin=C46-1
Added Pin To Net: NetName=0V Pin=C47-1
Added Pin To Net: NetName=0V Pin=C48-1
Added Pin To Net: NetName=0V Pin=C49-1
Added Pin To Net: NetName=0V Pin=C50-1
Added Pin To Net: NetName=0V Pin=C51-1
Added Pin To Net: NetName=0V Pin=C52-1
Added Pin To Net: NetName=0V Pin=C53-1
Added Pin To Net: NetName=0V Pin=C54-1
Added Pin To Net: NetName=0V Pin=C55-1
Added Pin To Net: NetName=0V Pin=C56-1
Added Pin To Net: NetName=0V Pin=C57-1
Added Pin To Net: NetName=0V Pin=C58-1
Added Pin To Net: NetName=0V Pin=C59-1
Added Pin To Net: NetName=0V Pin=C60-1
Added Pin To Net: NetName=0V Pin=C61-1
Added Pin To Net: NetName=0V Pin=C62-1
Added Pin To Net: NetName=0V Pin=C63-1
Added Pin To Net: NetName=0V Pin=C64-1
Added Pin To Net: NetName=0V Pin=C65-1
Added Pin To Net: NetName=0V Pin=C66-1
Added Pin To Net: NetName=0V Pin=C67-1
Added Pin To Net: NetName=0V Pin=C68-1
Added Pin To Net: NetName=0V Pin=C69-1
Added Pin To Net: NetName=0V Pin=C70-1
Added Pin To Net: NetName=0V Pin=C71-1
Added Pin To Net: NetName=0V Pin=C72-1
Added Pin To Net: NetName=0V Pin=C73-1
Added Pin To Net: NetName=0V Pin=C74-1
Added Pin To Net: NetName=0V Pin=C75-1
Added Pin To Net: NetName=0V Pin=C76-1
Added Pin To Net: NetName=0V Pin=C77-1
Added Pin To Net: NetName=0V Pin=C78-1
Added Pin To Net: NetName=0V Pin=C79-1
Added Pin To Net: NetName=0V Pin=C80-1
Added Pin To Net: NetName=0V Pin=C81-1
Added Pin To Net: NetName=0V Pin=C82-1
Added Pin To Net: NetName=0V Pin=C83-1
Added Pin To Net: NetName=0V Pin=C84-1
Added Pin To Net: NetName=0V Pin=C85-1
Added Pin To Net: NetName=0V Pin=C86-1
Added Pin To Net: NetName=0V Pin=C87-1
Added Pin To Net: NetName=0V Pin=C88-1
Added Pin To Net: NetName=0V Pin=C89-1
Added Pin To Net: NetName=0V Pin=D5-2
Added Pin To Net: NetName=0V Pin=J1-3
Added Pin To Net: NetName=0V Pin=J1-GND1
Added Pin To Net: NetName=0V Pin=J1-GND2
Added Pin To Net: NetName=0V Pin=J2-1
Added Pin To Net: NetName=0V Pin=J2-3
Added Pin To Net: NetName=0V Pin=J2-5
Added Pin To Net: NetName=0V Pin=J2-7
Added Pin To Net: NetName=0V Pin=J2-9
Added Pin To Net: NetName=0V Pin=J2-11
Added Pin To Net: NetName=0V Pin=J2-13
Added Pin To Net: NetName=0V Pin=J6-5
Added Pin To Net: NetName=0V Pin=nt0-1
Added Pin To Net: NetName=0V Pin=nt1-1
Added Pin To Net: NetName=0V Pin=OSC1-2
Added Pin To Net: NetName=0V Pin=OSC2-2
Added Pin To Net: NetName=0V Pin=OSC3-2
Added Pin To Net: NetName=0V Pin=P1-2
Added Pin To Net: NetName=0V Pin=P1-4
Added Pin To Net: NetName=0V Pin=P1-6
Added Pin To Net: NetName=0V Pin=P1-8
Added Pin To Net: NetName=0V Pin=P1-10
Added Pin To Net: NetName=0V Pin=P1-12
Added Pin To Net: NetName=0V Pin=P1-14
Added Pin To Net: NetName=0V Pin=P1-16
Added Pin To Net: NetName=0V Pin=P1-18
Added Pin To Net: NetName=0V Pin=P1-20
Added Pin To Net: NetName=0V Pin=P4-9
Added Pin To Net: NetName=0V Pin=P5-14
Added Pin To Net: NetName=0V Pin=P7-2
Added Pin To Net: NetName=0V Pin=P9-1
Added Pin To Net: NetName=0V Pin=P13-11
Added Pin To Net: NetName=0V Pin=P13-12
Added Pin To Net: NetName=0V Pin=R3-2
Added Pin To Net: NetName=0V Pin=R4-2
Added Pin To Net: NetName=0V Pin=R5-2
Added Pin To Net: NetName=0V Pin=R6-2
Added Pin To Net: NetName=0V Pin=R7-2
Added Pin To Net: NetName=0V Pin=R8-2
Added Pin To Net: NetName=0V Pin=R9-2
Added Pin To Net: NetName=0V Pin=R10-2
Added Pin To Net: NetName=0V Pin=R11-2
Added Pin To Net: NetName=0V Pin=R12-2
Added Pin To Net: NetName=0V Pin=R13-2
Added Pin To Net: NetName=0V Pin=R14-2
Added Pin To Net: NetName=0V Pin=R24-1
Added Pin To Net: NetName=0V Pin=R25-1
Added Pin To Net: NetName=0V Pin=R31-1
Added Pin To Net: NetName=0V Pin=R32-1
Added Pin To Net: NetName=0V Pin=R36-1
Added Pin To Net: NetName=0V Pin=R37-1
Added Pin To Net: NetName=0V Pin=R44-1
Added Pin To Net: NetName=0V Pin=R46-2
Added Pin To Net: NetName=0V Pin=R57-1
Added Pin To Net: NetName=0V Pin=R59-2
Added Pin To Net: NetName=0V Pin=R72-1
Added Pin To Net: NetName=0V Pin=SW1-3
Added Pin To Net: NetName=0V Pin=SW2-1
Added Pin To Net: NetName=0V Pin=SW2-2
Added Pin To Net: NetName=0V Pin=SW2-3
Added Pin To Net: NetName=0V Pin=SW3-3
Added Pin To Net: NetName=0V Pin=SW4-1
Added Pin To Net: NetName=0V Pin=U1-C7
Added Pin To Net: NetName=0V Pin=U1-D4
Added Pin To Net: NetName=0V Pin=U1-F9
Added Pin To Net: NetName=0V Pin=U1-G3
Added Pin To Net: NetName=0V Pin=U1-G9
Added Pin To Net: NetName=0V Pin=U1-H6
Added Pin To Net: NetName=0V Pin=U1-K4
Added Pin To Net: NetName=0V Pin=U1-K7
Added Pin To Net: NetName=0V Pin=U1-K10
Added Pin To Net: NetName=0V Pin=U1-L7
Added Pin To Net: NetName=0V Pin=U2-4
Added Pin To Net: NetName=0V Pin=U3-3
Added Pin To Net: NetName=0V Pin=U3-6
Added Pin To Net: NetName=0V Pin=U4-2
Added Pin To Net: NetName=0V Pin=U5-3
Added Pin To Net: NetName=0V Pin=U5-6
Added Pin To Net: NetName=0V Pin=U6-3
Added Pin To Net: NetName=0V Pin=U6-6
Added Pin To Net: NetName=0V Pin=U7-1
Added Pin To Net: NetName=0V Pin=U7-2
Added Pin To Net: NetName=0V Pin=U7-33
Added Pin To Net: NetName=0V Pin=U8-A1
Added Pin To Net: NetName=0V Pin=U8-A11
Added Pin To Net: NetName=0V Pin=U8-B8
Added Pin To Net: NetName=0V Pin=U8-C5
Added Pin To Net: NetName=0V Pin=U8-C15
Added Pin To Net: NetName=0V Pin=U8-D2
Added Pin To Net: NetName=0V Pin=U8-D12
Added Pin To Net: NetName=0V Pin=U8-E9
Added Pin To Net: NetName=0V Pin=U8-F6
Added Pin To Net: NetName=0V Pin=U8-F8
Added Pin To Net: NetName=0V Pin=U8-F10
Added Pin To Net: NetName=0V Pin=U8-F16
Added Pin To Net: NetName=0V Pin=U8-G3
Added Pin To Net: NetName=0V Pin=U8-G7
Added Pin To Net: NetName=0V Pin=U8-G9
Added Pin To Net: NetName=0V Pin=U8-G13
Added Pin To Net: NetName=0V Pin=U8-H6
Added Pin To Net: NetName=0V Pin=U8-H7
Added Pin To Net: NetName=0V Pin=U8-H8
Added Pin To Net: NetName=0V Pin=U8-J7
Added Pin To Net: NetName=0V Pin=U8-J8
Added Pin To Net: NetName=0V Pin=U8-J9
Added Pin To Net: NetName=0V Pin=U8-J11
Added Pin To Net: NetName=0V Pin=U8-K4
Added Pin To Net: NetName=0V Pin=U8-K6
Added Pin To Net: NetName=0V Pin=U8-K7
Added Pin To Net: NetName=0V Pin=U8-K8
Added Pin To Net: NetName=0V Pin=U8-K14
Added Pin To Net: NetName=0V Pin=U8-L1
Added Pin To Net: NetName=0V Pin=U8-L11
Added Pin To Net: NetName=0V Pin=U8-M8
Added Pin To Net: NetName=0V Pin=U8-N5
Added Pin To Net: NetName=0V Pin=U8-N15
Added Pin To Net: NetName=0V Pin=U8-P2
Added Pin To Net: NetName=0V Pin=U8-P12
Added Pin To Net: NetName=0V Pin=U8-R9
Added Pin To Net: NetName=0V Pin=U8-T6
Added Pin To Net: NetName=0V Pin=U8-T16
Added Pin To Net: NetName=0V Pin=U9-7
Added Pin To Net: NetName=0V Pin=U10-1
Added Pin To Net: NetName=0V Pin=U10-10
Added Pin To Net: NetName=0V Pin=U10-19
Added Net: Name=0V
Added Pin To Net: NetName=1V8 Pin=C24-2
Added Pin To Net: NetName=1V8 Pin=C72-2
Added Pin To Net: NetName=1V8 Pin=C79-2
Added Pin To Net: NetName=1V8 Pin=C80-2
Added Pin To Net: NetName=1V8 Pin=C81-2
Added Pin To Net: NetName=1V8 Pin=C82-2
Added Pin To Net: NetName=1V8 Pin=C83-2
Added Pin To Net: NetName=1V8 Pin=C84-2
Added Pin To Net: NetName=1V8 Pin=P9-3
Added Pin To Net: NetName=1V8 Pin=R29-2
Added Pin To Net: NetName=1V8 Pin=R30-2
Added Pin To Net: NetName=1V8 Pin=U5-4
Added Pin To Net: NetName=1V8 Pin=U8-G8
Added Pin To Net: NetName=1V8 Pin=U8-G10
Added Pin To Net: NetName=1V8 Pin=U8-J10
Added Pin To Net: NetName=1V8 Pin=U8-K11
Added Pin To Net: NetName=1V8 Pin=U8-L10
Added Net: Name=1V8
Added Pin To Net: NetName=1V Pin=C27-2
Added Pin To Net: NetName=1V Pin=C73-2
Added Pin To Net: NetName=1V Pin=C74-2
Added Pin To Net: NetName=1V Pin=C75-2
Added Pin To Net: NetName=1V Pin=C76-2
Added Pin To Net: NetName=1V Pin=C77-2
Added Pin To Net: NetName=1V Pin=C78-2
Added Pin To Net: NetName=1V Pin=C85-2
Added Pin To Net: NetName=1V Pin=C86-2
Added Pin To Net: NetName=1V Pin=P9-2
Added Pin To Net: NetName=1V Pin=R34-2
Added Pin To Net: NetName=1V Pin=R35-2
Added Pin To Net: NetName=1V Pin=U6-4
Added Pin To Net: NetName=1V Pin=U8-E10
Added Pin To Net: NetName=1V Pin=U8-F7
Added Pin To Net: NetName=1V Pin=U8-F9
Added Pin To Net: NetName=1V Pin=U8-F11
Added Pin To Net: NetName=1V Pin=U8-G6
Added Pin To Net: NetName=1V Pin=U8-H9
Added Pin To Net: NetName=1V Pin=U8-J6
Added Pin To Net: NetName=1V Pin=U8-K9
Added Pin To Net: NetName=1V Pin=U8-L8
Added Net: Name=1V
Added Pin To Net: NetName=3V3 Pin=C1-2
Added Pin To Net: NetName=3V3 Pin=C6-2
Added Pin To Net: NetName=3V3 Pin=C7-2
Added Pin To Net: NetName=3V3 Pin=C8-2
Added Pin To Net: NetName=3V3 Pin=C9-2
Added Pin To Net: NetName=3V3 Pin=C10-2
Added Pin To Net: NetName=3V3 Pin=C11-2
Added Pin To Net: NetName=3V3 Pin=C12-2
Added Pin To Net: NetName=3V3 Pin=C13-2
Added Pin To Net: NetName=3V3 Pin=C14-2
Added Pin To Net: NetName=3V3 Pin=C15-2
Added Pin To Net: NetName=3V3 Pin=C16-2
Added Pin To Net: NetName=3V3 Pin=C17-2
Added Pin To Net: NetName=3V3 Pin=C20-2
Added Pin To Net: NetName=3V3 Pin=C28-2
Added Pin To Net: NetName=3V3 Pin=C30-2
Added Pin To Net: NetName=3V3 Pin=C36-2
Added Pin To Net: NetName=3V3 Pin=C37-2
Added Pin To Net: NetName=3V3 Pin=C38-2
Added Pin To Net: NetName=3V3 Pin=C39-2
Added Pin To Net: NetName=3V3 Pin=C40-2
Added Pin To Net: NetName=3V3 Pin=C41-2
Added Pin To Net: NetName=3V3 Pin=C43-2
Added Pin To Net: NetName=3V3 Pin=C44-2
Added Pin To Net: NetName=3V3 Pin=C45-2
Added Pin To Net: NetName=3V3 Pin=C46-2
Added Pin To Net: NetName=3V3 Pin=C47-2
Added Pin To Net: NetName=3V3 Pin=C48-2
Added Pin To Net: NetName=3V3 Pin=C49-2
Added Pin To Net: NetName=3V3 Pin=C50-2
Added Pin To Net: NetName=3V3 Pin=C51-2
Added Pin To Net: NetName=3V3 Pin=C52-2
Added Pin To Net: NetName=3V3 Pin=C53-2
Added Pin To Net: NetName=3V3 Pin=C54-2
Added Pin To Net: NetName=3V3 Pin=C55-2
Added Pin To Net: NetName=3V3 Pin=C56-2
Added Pin To Net: NetName=3V3 Pin=C57-2
Added Pin To Net: NetName=3V3 Pin=C58-2
Added Pin To Net: NetName=3V3 Pin=C59-2
Added Pin To Net: NetName=3V3 Pin=C60-2
Added Pin To Net: NetName=3V3 Pin=C61-2
Added Pin To Net: NetName=3V3 Pin=C62-2
Added Pin To Net: NetName=3V3 Pin=C63-2
Added Pin To Net: NetName=3V3 Pin=C64-2
Added Pin To Net: NetName=3V3 Pin=C65-2
Added Pin To Net: NetName=3V3 Pin=C66-2
Added Pin To Net: NetName=3V3 Pin=C67-2
Added Pin To Net: NetName=3V3 Pin=C68-2
Added Pin To Net: NetName=3V3 Pin=C69-2
Added Pin To Net: NetName=3V3 Pin=C70-2
Added Pin To Net: NetName=3V3 Pin=C71-2
Added Pin To Net: NetName=3V3 Pin=C87-2
Added Pin To Net: NetName=3V3 Pin=C88-2
Added Pin To Net: NetName=3V3 Pin=J1-4
Added Pin To Net: NetName=3V3 Pin=J2-2
Added Pin To Net: NetName=3V3 Pin=LED13-2
Added Pin To Net: NetName=3V3 Pin=OSC1-1
Added Pin To Net: NetName=3V3 Pin=OSC1-4
Added Pin To Net: NetName=3V3 Pin=OSC2-4
Added Pin To Net: NetName=3V3 Pin=OSC3-4
Added Pin To Net: NetName=3V3 Pin=P1-1
Added Pin To Net: NetName=3V3 Pin=P4-10
Added Pin To Net: NetName=3V3 Pin=P9-4
Added Pin To Net: NetName=3V3 Pin=R15-2
Added Pin To Net: NetName=3V3 Pin=R16-2
Added Pin To Net: NetName=3V3 Pin=R17-2
Added Pin To Net: NetName=3V3 Pin=R23-2
Added Pin To Net: NetName=3V3 Pin=R38-2
Added Pin To Net: NetName=3V3 Pin=R39-2
Added Pin To Net: NetName=3V3 Pin=R40-2
Added Pin To Net: NetName=3V3 Pin=R41-2
Added Pin To Net: NetName=3V3 Pin=R42-2
Added Pin To Net: NetName=3V3 Pin=R43-2
Added Pin To Net: NetName=3V3 Pin=R47-2
Added Pin To Net: NetName=3V3 Pin=R48-2
Added Pin To Net: NetName=3V3 Pin=R49-2
Added Pin To Net: NetName=3V3 Pin=R50-2
Added Pin To Net: NetName=3V3 Pin=R51-1
Added Pin To Net: NetName=3V3 Pin=R52-1
Added Pin To Net: NetName=3V3 Pin=R53-1
Added Pin To Net: NetName=3V3 Pin=R54-2
Added Pin To Net: NetName=3V3 Pin=R55-2
Added Pin To Net: NetName=3V3 Pin=R56-2
Added Pin To Net: NetName=3V3 Pin=R58-1
Added Pin To Net: NetName=3V3 Pin=R73-2
Added Pin To Net: NetName=3V3 Pin=R75-2
Added Pin To Net: NetName=3V3 Pin=U1-D5
Added Pin To Net: NetName=3V3 Pin=U1-D7
Added Pin To Net: NetName=3V3 Pin=U1-F8
Added Pin To Net: NetName=3V3 Pin=U1-G4
Added Pin To Net: NetName=3V3 Pin=U1-G8
Added Pin To Net: NetName=3V3 Pin=U1-H7
Added Pin To Net: NetName=3V3 Pin=U1-K8
Added Pin To Net: NetName=3V3 Pin=U1-K9
Added Pin To Net: NetName=3V3 Pin=U1-L4
Added Pin To Net: NetName=3V3 Pin=U1-L10
Added Pin To Net: NetName=3V3 Pin=U2-8
Added Pin To Net: NetName=3V3 Pin=U3-4
Added Pin To Net: NetName=3V3 Pin=U7-6
Added Pin To Net: NetName=3V3 Pin=U7-16
Added Pin To Net: NetName=3V3 Pin=U7-25
Added Pin To Net: NetName=3V3 Pin=U7-30
Added Pin To Net: NetName=3V3 Pin=U7-31
Added Pin To Net: NetName=3V3 Pin=U8-A6
Added Pin To Net: NetName=3V3 Pin=U8-A16
Added Pin To Net: NetName=3V3 Pin=U8-B3
Added Pin To Net: NetName=3V3 Pin=U8-B13
Added Pin To Net: NetName=3V3 Pin=U8-C10
Added Pin To Net: NetName=3V3 Pin=U8-D7
Added Pin To Net: NetName=3V3 Pin=U8-E4
Added Pin To Net: NetName=3V3 Pin=U8-E7
Added Pin To Net: NetName=3V3 Pin=U8-E14
Added Pin To Net: NetName=3V3 Pin=U8-F1
Added Pin To Net: NetName=3V3 Pin=U8-H15
Added Pin To Net: NetName=3V3 Pin=U8-J2
Added Pin To Net: NetName=3V3 Pin=U8-J12
Added Pin To Net: NetName=3V3 Pin=U8-L6
Added Pin To Net: NetName=3V3 Pin=U8-L16
Added Pin To Net: NetName=3V3 Pin=U8-M3
Added Pin To Net: NetName=3V3 Pin=U8-M13
Added Pin To Net: NetName=3V3 Pin=U8-N10
Added Pin To Net: NetName=3V3 Pin=U8-P7
Added Pin To Net: NetName=3V3 Pin=U8-R4
Added Pin To Net: NetName=3V3 Pin=U8-R14
Added Pin To Net: NetName=3V3 Pin=U8-T1
Added Pin To Net: NetName=3V3 Pin=U8-T11
Added Pin To Net: NetName=3V3 Pin=U9-1
Added Pin To Net: NetName=3V3 Pin=U9-12
Added Pin To Net: NetName=3V3 Pin=U9-14
Added Pin To Net: NetName=3V3 Pin=U10-20
Added Net: Name=3V3
Added Pin To Net: NetName=5V_USB Pin=C18-2
Added Pin To Net: NetName=5V_USB Pin=C19-2
Added Pin To Net: NetName=5V_USB Pin=C21-2
Added Pin To Net: NetName=5V_USB Pin=C22-2
Added Pin To Net: NetName=5V_USB Pin=C23-2
Added Pin To Net: NetName=5V_USB Pin=C25-2
Added Pin To Net: NetName=5V_USB Pin=C26-2
Added Pin To Net: NetName=5V_USB Pin=D5-5
Added Pin To Net: NetName=5V_USB Pin=J6-1
Added Pin To Net: NetName=5V_USB Pin=LED14-2
Added Pin To Net: NetName=5V_USB Pin=LED15-2
Added Pin To Net: NetName=5V_USB Pin=LED17-2
Added Pin To Net: NetName=5V_USB Pin=P7-1
Added Pin To Net: NetName=5V_USB Pin=R22-2
Added Pin To Net: NetName=5V_USB Pin=R28-2
Added Pin To Net: NetName=5V_USB Pin=R33-2
Added Pin To Net: NetName=5V_USB Pin=U3-2
Added Pin To Net: NetName=5V_USB Pin=U4-5
Added Pin To Net: NetName=5V_USB Pin=U5-2
Added Pin To Net: NetName=5V_USB Pin=U6-2
Added Net: Name=5V_USB
Added Pin To Net: NetName=A16 Pin=U1-E4
Added Net: Name=A16
Added Pin To Net: NetName=A17 Pin=U1-F1
Added Net: Name=A17
Added Pin To Net: NetName=A18 Pin=U1-F2
Added Net: Name=A18
Added Pin To Net: NetName=A19 Pin=U1-F3
Added Net: Name=A19
Added Pin To Net: NetName=A20 Pin=U1-F4
Added Net: Name=A20
Added Pin To Net: NetName=A21 Pin=U1-G1
Added Net: Name=A21
Added Pin To Net: NetName=A22 Pin=U1-G2
Added Net: Name=A22
Added Pin To Net: NetName=CONFIG_QSPI.QSPI_CS Pin=P3-5
Added Pin To Net: NetName=CONFIG_QSPI.QSPI_CS Pin=U8-L12
Added Net: Name=CONFIG_QSPI.QSPI_CS
Added Pin To Net: NetName=CONFIG_QSPI.QSPI_D0 Pin=R18-2
Added Pin To Net: NetName=CONFIG_QSPI.QSPI_D0 Pin=U8-J13
Added Net: Name=CONFIG_QSPI.QSPI_D0
Added Pin To Net: NetName=CONFIG_QSPI.QSPI_D1 Pin=R19-2
Added Pin To Net: NetName=CONFIG_QSPI.QSPI_D1 Pin=U8-J14
Added Net: Name=CONFIG_QSPI.QSPI_D1
Added Pin To Net: NetName=CONFIG_QSPI.QSPI_D2 Pin=R21-2
Added Pin To Net: NetName=CONFIG_QSPI.QSPI_D2 Pin=U8-K15
Added Net: Name=CONFIG_QSPI.QSPI_D2
Added Pin To Net: NetName=CONFIG_QSPI.QSPI_D3 Pin=R20-2
Added Pin To Net: NetName=CONFIG_QSPI.QSPI_D3 Pin=U8-K16
Added Net: Name=CONFIG_QSPI.QSPI_D3
Added Pin To Net: NetName=CONFIG_QSPI.QSPI_SCK Pin=P2-6
Added Pin To Net: NetName=CONFIG_QSPI.QSPI_SCK Pin=U8-E8
Added Net: Name=CONFIG_QSPI.QSPI_SCK
Added Pin To Net: NetName=EBI.A0 Pin=P11-1
Added Pin To Net: NetName=EBI.A0 Pin=U1-J4
Added Pin To Net: NetName=EBI.A0 Pin=U8-D9
Added Net: Name=EBI.A0
Added Pin To Net: NetName=EBI.A1 Pin=P11-2
Added Pin To Net: NetName=EBI.A1 Pin=U1-K3
Added Pin To Net: NetName=EBI.A1 Pin=U8-A13
Added Net: Name=EBI.A1
Added Pin To Net: NetName=EBI.A2 Pin=P11-3
Added Pin To Net: NetName=EBI.A2 Pin=U1-L3
Added Pin To Net: NetName=EBI.A2 Pin=U8-A14
Added Net: Name=EBI.A2
Added Pin To Net: NetName=EBI.A3 Pin=P11-4
Added Pin To Net: NetName=EBI.A3 Pin=U1-J7
Added Pin To Net: NetName=EBI.A3 Pin=U8-C14
Added Net: Name=EBI.A3
Added Pin To Net: NetName=EBI.A4 Pin=P11-5
Added Pin To Net: NetName=EBI.A4 Pin=U1-J8
Added Pin To Net: NetName=EBI.A4 Pin=U8-B14
Added Net: Name=EBI.A4
Added Pin To Net: NetName=EBI.A5 Pin=P11-6
Added Pin To Net: NetName=EBI.A5 Pin=U1-G10
Added Pin To Net: NetName=EBI.A5 Pin=U8-B15
Added Net: Name=EBI.A5
Added Pin To Net: NetName=EBI.A6 Pin=P11-7
Added Pin To Net: NetName=EBI.A6 Pin=U1-G11
Added Pin To Net: NetName=EBI.A6 Pin=U8-A15
Added Net: Name=EBI.A6
Added Pin To Net: NetName=EBI.A7 Pin=P11-8
Added Pin To Net: NetName=EBI.A7 Pin=U1-E9
Added Pin To Net: NetName=EBI.A7 Pin=U8-C16
Added Net: Name=EBI.A7
Added Pin To Net: NetName=EBI.A8 Pin=P11-9
Added Pin To Net: NetName=EBI.A8 Pin=U1-E10
Added Pin To Net: NetName=EBI.A8 Pin=U8-B16
Added Net: Name=EBI.A8
Added Pin To Net: NetName=EBI.A9 Pin=P11-10
Added Pin To Net: NetName=EBI.A9 Pin=U1-F10
Added Pin To Net: NetName=EBI.A9 Pin=U8-C11
Added Net: Name=EBI.A9
Added Pin To Net: NetName=EBI.A10 Pin=P11-11
Added Pin To Net: NetName=EBI.A10 Pin=U1-E11
Added Pin To Net: NetName=EBI.A10 Pin=U8-C12
Added Net: Name=EBI.A10
Added Pin To Net: NetName=EBI.A11 Pin=P11-12
Added Pin To Net: NetName=EBI.A11 Pin=U1-A9
Added Pin To Net: NetName=EBI.A11 Pin=U8-D13
Added Net: Name=EBI.A11
Added Pin To Net: NetName=EBI.A12 Pin=P11-13
Added Pin To Net: NetName=EBI.A12 Pin=U1-B9
Added Pin To Net: NetName=EBI.A12 Pin=U8-C13
Added Net: Name=EBI.A12
Added Pin To Net: NetName=EBI.A13 Pin=P11-14
Added Pin To Net: NetName=EBI.A13 Pin=U1-C9
Added Pin To Net: NetName=EBI.A13 Pin=U8-E12
Added Net: Name=EBI.A13
Added Pin To Net: NetName=EBI.A14 Pin=P11-15
Added Pin To Net: NetName=EBI.A14 Pin=U1-D9
Added Pin To Net: NetName=EBI.A14 Pin=U8-E13
Added Net: Name=EBI.A14
Added Pin To Net: NetName=EBI.A15 Pin=P11-16
Added Pin To Net: NetName=EBI.A15 Pin=U1-D10
Added Pin To Net: NetName=EBI.A15 Pin=U8-E11
Added Net: Name=EBI.A15
Added Pin To Net: NetName=EBI.CS0 Pin=U1-D6
Added Pin To Net: NetName=EBI.CS0 Pin=U8-J15
Added Net: Name=EBI.CS0
Added Pin To Net: NetName=EBI.CS1 Pin=U1-A5
Added Pin To Net: NetName=EBI.CS1 Pin=U8-J16
Added Net: Name=EBI.CS1
Added Pin To Net: NetName=EBI.D0 Pin=P12-1
Added Pin To Net: NetName=EBI.D0 Pin=U1-B4
Added Pin To Net: NetName=EBI.D0 Pin=U8-D14
Added Net: Name=EBI.D0
Added Pin To Net: NetName=EBI.D1 Pin=P12-2
Added Pin To Net: NetName=EBI.D1 Pin=U1-A4
Added Pin To Net: NetName=EBI.D1 Pin=U8-D15
Added Net: Name=EBI.D1
Added Pin To Net: NetName=EBI.D2 Pin=P12-3
Added Pin To Net: NetName=EBI.D2 Pin=U1-C3
Added Pin To Net: NetName=EBI.D2 Pin=U8-F12
Added Net: Name=EBI.D2
Added Pin To Net: NetName=EBI.D3 Pin=P12-4
Added Pin To Net: NetName=EBI.D3 Pin=U1-B3
Added Pin To Net: NetName=EBI.D3 Pin=U8-F13
Added Net: Name=EBI.D3
Added Pin To Net: NetName=EBI.D4 Pin=P12-5
Added Pin To Net: NetName=EBI.D4 Pin=U1-A3
Added Pin To Net: NetName=EBI.D4 Pin=U8-E16
Added Net: Name=EBI.D4
Added Pin To Net: NetName=EBI.D5 Pin=P12-6
Added Pin To Net: NetName=EBI.D5 Pin=U1-B2
Added Pin To Net: NetName=EBI.D5 Pin=U8-D16
Added Net: Name=EBI.D5
Added Pin To Net: NetName=EBI.D6 Pin=P12-7
Added Pin To Net: NetName=EBI.D6 Pin=U1-A2
Added Pin To Net: NetName=EBI.D6 Pin=U8-F15
Added Net: Name=EBI.D6
Added Pin To Net: NetName=EBI.D7 Pin=P12-8
Added Pin To Net: NetName=EBI.D7 Pin=U1-A1
Added Pin To Net: NetName=EBI.D7 Pin=U8-E15
Added Net: Name=EBI.D7
Added Pin To Net: NetName=EBI.D8 Pin=P12-9
Added Pin To Net: NetName=EBI.D8 Pin=U1-B1
Added Pin To Net: NetName=EBI.D8 Pin=U8-H11
Added Net: Name=EBI.D8
Added Pin To Net: NetName=EBI.D9 Pin=P12-10
Added Pin To Net: NetName=EBI.D9 Pin=U1-C2
Added Pin To Net: NetName=EBI.D9 Pin=U8-G12
Added Net: Name=EBI.D9
Added Pin To Net: NetName=EBI.D10 Pin=P12-11
Added Pin To Net: NetName=EBI.D10 Pin=U1-C1
Added Pin To Net: NetName=EBI.D10 Pin=U8-H12
Added Net: Name=EBI.D10
Added Pin To Net: NetName=EBI.D11 Pin=P12-12
Added Pin To Net: NetName=EBI.D11 Pin=U1-D2
Added Pin To Net: NetName=EBI.D11 Pin=U8-H13
Added Net: Name=EBI.D11
Added Pin To Net: NetName=EBI.D12 Pin=P12-13
Added Pin To Net: NetName=EBI.D12 Pin=U1-D1
Added Pin To Net: NetName=EBI.D12 Pin=U8-G14
Added Net: Name=EBI.D12
Added Pin To Net: NetName=EBI.D13 Pin=P12-14
Added Pin To Net: NetName=EBI.D13 Pin=U1-E3
Added Pin To Net: NetName=EBI.D13 Pin=U8-F14
Added Net: Name=EBI.D13
Added Pin To Net: NetName=EBI.D14 Pin=P12-15
Added Pin To Net: NetName=EBI.D14 Pin=U1-E2
Added Pin To Net: NetName=EBI.D14 Pin=U8-H16
Added Net: Name=EBI.D14
Added Pin To Net: NetName=EBI.D15 Pin=P12-16
Added Pin To Net: NetName=EBI.D15 Pin=U1-E1
Added Pin To Net: NetName=EBI.D15 Pin=U8-G16
Added Net: Name=EBI.D15
Added Pin To Net: NetName=EBI.REN Pin=U1-A7
Added Pin To Net: NetName=EBI.REN Pin=U8-H14
Added Net: Name=EBI.REN
Added Pin To Net: NetName=EBI.WEN Pin=U1-B6
Added Pin To Net: NetName=EBI.WEN Pin=U8-G15
Added Net: Name=EBI.WEN
Added Pin To Net: NetName=EFM32_EP1 Pin=P10-1
Added Pin To Net: NetName=EFM32_EP1 Pin=U1-H4
Added Net: Name=EFM32_EP1
Added Pin To Net: NetName=EFM32_EP2 Pin=P10-2
Added Pin To Net: NetName=EFM32_EP2 Pin=U1-H5
Added Net: Name=EFM32_EP2
Added Pin To Net: NetName=EFM32_EP3 Pin=P10-3
Added Pin To Net: NetName=EFM32_EP3 Pin=U1-J5
Added Net: Name=EFM32_EP3
Added Pin To Net: NetName=EFM32_EP4 Pin=P10-4
Added Pin To Net: NetName=EFM32_EP4 Pin=U1-J6
Added Net: Name=EFM32_EP4
Added Pin To Net: NetName=EFM32_EP5 Pin=P10-5
Added Pin To Net: NetName=EFM32_EP5 Pin=U1-K5
Added Net: Name=EFM32_EP5
Added Pin To Net: NetName=HFXTAL_N Pin=C2-2
Added Pin To Net: NetName=HFXTAL_N Pin=OSC1-3
Added Pin To Net: NetName=HFXTAL_N Pin=OSC1-3
Added Pin To Net: NetName=HFXTAL_N Pin=U1-L9
Added Net: Name=HFXTAL_N
Added Pin To Net: NetName=HFXTAL_P Pin=U1-L8
Added Net: Name=HFXTAL_P
Added Pin To Net: NetName=MCU_BRIDGE.B0 Pin=P13-10
Added Pin To Net: NetName=MCU_BRIDGE.B0 Pin=U1-H1
Added Pin To Net: NetName=MCU_BRIDGE.B0 Pin=U8-C8
Added Net: Name=MCU_BRIDGE.B0
Added Pin To Net: NetName=MCU_BRIDGE.B1 Pin=P13-9
Added Pin To Net: NetName=MCU_BRIDGE.B1 Pin=U1-J1
Added Pin To Net: NetName=MCU_BRIDGE.B1 Pin=U8-C9
Added Net: Name=MCU_BRIDGE.B1
Added Pin To Net: NetName=MCU_BRIDGE.B2 Pin=P13-8
Added Pin To Net: NetName=MCU_BRIDGE.B2 Pin=U1-H2
Added Pin To Net: NetName=MCU_BRIDGE.B2 Pin=U8-A8
Added Net: Name=MCU_BRIDGE.B2
Added Pin To Net: NetName=MCU_BRIDGE.B3 Pin=P13-7
Added Pin To Net: NetName=MCU_BRIDGE.B3 Pin=U1-J2
Added Pin To Net: NetName=MCU_BRIDGE.B3 Pin=U8-A9
Added Net: Name=MCU_BRIDGE.B3
Added Pin To Net: NetName=MCU_BRIDGE.B4 Pin=P13-6
Added Pin To Net: NetName=MCU_BRIDGE.B4 Pin=U1-K2
Added Pin To Net: NetName=MCU_BRIDGE.B4 Pin=U8-B9
Added Net: Name=MCU_BRIDGE.B4
Added Pin To Net: NetName=MCU_BRIDGE.B5 Pin=P13-5
Added Pin To Net: NetName=MCU_BRIDGE.B5 Pin=U1-L2
Added Pin To Net: NetName=MCU_BRIDGE.B5 Pin=U8-A10
Added Net: Name=MCU_BRIDGE.B5
Added Pin To Net: NetName=MCU_BRIDGE.B6 Pin=P13-4
Added Pin To Net: NetName=MCU_BRIDGE.B6 Pin=U1-K1
Added Pin To Net: NetName=MCU_BRIDGE.B6 Pin=U8-B10
Added Net: Name=MCU_BRIDGE.B6
Added Pin To Net: NetName=MCU_BRIDGE.B7 Pin=P13-3
Added Pin To Net: NetName=MCU_BRIDGE.B7 Pin=U1-L1
Added Pin To Net: NetName=MCU_BRIDGE.B7 Pin=U8-B11
Added Net: Name=MCU_BRIDGE.B7
Added Pin To Net: NetName=MCU_BRIDGE.B8 Pin=P13-2
Added Pin To Net: NetName=MCU_BRIDGE.B8 Pin=U1-H3
Added Pin To Net: NetName=MCU_BRIDGE.B8 Pin=U8-B12
Added Net: Name=MCU_BRIDGE.B8
Added Pin To Net: NetName=MCU_BRIDGE.B9 Pin=P13-1
Added Pin To Net: NetName=MCU_BRIDGE.B9 Pin=U1-J3
Added Pin To Net: NetName=MCU_BRIDGE.B9 Pin=U8-A12
Added Net: Name=MCU_BRIDGE.B9
Added Pin To Net: NetName=NetC3_1 Pin=C3-1
Added Pin To Net: NetName=NetC3_1 Pin=U1-F11
Added Net: Name=NetC3_1
Added Pin To Net: NetName=NetC4_2 Pin=C4-2
Added Pin To Net: NetName=NetC4_2 Pin=U1-B11
Added Net: Name=NetC4_2
Added Pin To Net: NetName=NetC5_2 Pin=C5-2
Added Pin To Net: NetName=NetC5_2 Pin=R66-2
Added Pin To Net: NetName=NetC5_2 Pin=U1-B8
Added Pin To Net: NetName=NetC5_2 Pin=U1-B10
Added Net: Name=NetC5_2
Added Pin To Net: NetName=NetC29_2 Pin=C29-2
Added Pin To Net: NetName=NetC29_2 Pin=P6-1
Added Pin To Net: NetName=NetC29_2 Pin=R68-2
Added Net: Name=NetC29_2
Added Pin To Net: NetName=NetC31_2 Pin=C31-2
Added Pin To Net: NetName=NetC31_2 Pin=OSC2-3
Added Pin To Net: NetName=NetC31_2 Pin=OSC2-3
Added Pin To Net: NetName=NetC31_2 Pin=U7-28
Added Net: Name=NetC31_2
Added Pin To Net: NetName=NetC42_2 Pin=C42-2
Added Pin To Net: NetName=NetC42_2 Pin=OSC3-3
Added Pin To Net: NetName=NetC42_2 Pin=OSC3-3
Added Pin To Net: NetName=NetC42_2 Pin=U8-D4
Added Net: Name=NetC42_2
Added Pin To Net: NetName=NetC89_2 Pin=C89-2
Added Pin To Net: NetName=NetC89_2 Pin=R73-1
Added Pin To Net: NetName=NetC89_2 Pin=R74-2
Added Pin To Net: NetName=NetC89_2 Pin=U8-T10
Added Net: Name=NetC89_2
Added Pin To Net: NetName=NetD1_1 Pin=D1-1
Added Pin To Net: NetName=NetD1_1 Pin=J7-2
Added Net: Name=NetD1_1
Added Pin To Net: NetName=NetD1_2 Pin=D1-2
Added Pin To Net: NetName=NetD1_2 Pin=J7-5
Added Pin To Net: NetName=NetD1_2 Pin=R77-1
Added Net: Name=NetD1_2
Added Pin To Net: NetName=NetD1_3 Pin=D1-3
Added Pin To Net: NetName=NetD1_3 Pin=J7-3
Added Net: Name=NetD1_3
Added Pin To Net: NetName=NetD1_4 Pin=D1-4
Added Pin To Net: NetName=NetD1_4 Pin=J7-4
Added Net: Name=NetD1_4
Added Pin To Net: NetName=NetD1_5 Pin=D1-5
Added Pin To Net: NetName=NetD1_5 Pin=J7-1
Added Pin To Net: NetName=NetD1_5 Pin=R76-1
Added Net: Name=NetD1_5
Added Pin To Net: NetName=NetD2_1 Pin=D2-1
Added Pin To Net: NetName=NetD2_1 Pin=J3-2
Added Pin To Net: NetName=NetD2_1 Pin=R1-2
Added Net: Name=NetD2_1
Added Pin To Net: NetName=NetD2_2 Pin=D2-2
Added Pin To Net: NetName=NetD2_2 Pin=J3-5
Added Pin To Net: NetName=NetD2_2 Pin=R67-1
Added Net: Name=NetD2_2
Added Pin To Net: NetName=NetD2_3 Pin=D2-3
Added Pin To Net: NetName=NetD2_3 Pin=J3-3
Added Pin To Net: NetName=NetD2_3 Pin=R2-2
Added Net: Name=NetD2_3
Added Pin To Net: NetName=NetD2_4 Pin=D2-4
Added Pin To Net: NetName=NetD2_4 Pin=J3-4
Added Net: Name=NetD2_4
Added Pin To Net: NetName=NetD2_5 Pin=D2-5
Added Pin To Net: NetName=NetD2_5 Pin=J3-1
Added Pin To Net: NetName=NetD2_5 Pin=R66-1
Added Net: Name=NetD2_5
Added Pin To Net: NetName=NetD3_2 Pin=D3-2
Added Pin To Net: NetName=NetD3_2 Pin=J4-5
Added Pin To Net: NetName=NetD3_2 Pin=R69-1
Added Net: Name=NetD3_2
Added Pin To Net: NetName=NetD3_4 Pin=D3-4
Added Pin To Net: NetName=NetD3_4 Pin=J4-4
Added Net: Name=NetD3_4
Added Pin To Net: NetName=NetD3_5 Pin=D3-5
Added Pin To Net: NetName=NetD3_5 Pin=J4-1
Added Pin To Net: NetName=NetD3_5 Pin=R68-1
Added Net: Name=NetD3_5
Added Pin To Net: NetName=NetD4_1 Pin=D4-1
Added Pin To Net: NetName=NetD4_1 Pin=J5-2
Added Pin To Net: NetName=NetD4_1 Pin=R60-1
Added Pin To Net: NetName=NetD4_1 Pin=R63-1
Added Net: Name=NetD4_1
Added Pin To Net: NetName=NetD4_2 Pin=D4-2
Added Pin To Net: NetName=NetD4_2 Pin=J5-5
Added Pin To Net: NetName=NetD4_2 Pin=R71-1
Added Net: Name=NetD4_2
Added Pin To Net: NetName=NetD4_3 Pin=D4-3
Added Pin To Net: NetName=NetD4_3 Pin=J5-3
Added Pin To Net: NetName=NetD4_3 Pin=R61-1
Added Pin To Net: NetName=NetD4_3 Pin=R62-1
Added Pin To Net: NetName=NetD4_3 Pin=R64-1
Added Net: Name=NetD4_3
Added Pin To Net: NetName=NetD4_4 Pin=D4-4
Added Pin To Net: NetName=NetD4_4 Pin=J5-4
Added Net: Name=NetD4_4
Added Pin To Net: NetName=NetD4_5 Pin=D4-5
Added Pin To Net: NetName=NetD4_5 Pin=J5-1
Added Pin To Net: NetName=NetD4_5 Pin=R70-1
Added Net: Name=NetD4_5
Added Pin To Net: NetName=NetJ1_1 Pin=J1-1
Added Pin To Net: NetName=NetJ1_1 Pin=P4-4
Added Pin To Net: NetName=NetJ1_1 Pin=R42-1
Added Pin To Net: NetName=NetJ1_1 Pin=R44-2
Added Pin To Net: NetName=NetJ1_1 Pin=U8-M5
Added Net: Name=NetJ1_1
Added Pin To Net: NetName=NetJ1_2 Pin=J1-2
Added Pin To Net: NetName=NetJ1_2 Pin=P4-6
Added Pin To Net: NetName=NetJ1_2 Pin=R38-1
Added Pin To Net: NetName=NetJ1_2 Pin=U8-N2
Added Net: Name=NetJ1_2
Added Pin To Net: NetName=NetJ1_5 Pin=J1-5
Added Pin To Net: NetName=NetJ1_5 Pin=P4-7
Added Pin To Net: NetName=NetJ1_5 Pin=U8-N1
Added Net: Name=NetJ1_5
Added Pin To Net: NetName=NetJ1_7 Pin=J1-7
Added Pin To Net: NetName=NetJ1_7 Pin=P4-1
Added Pin To Net: NetName=NetJ1_7 Pin=R39-1
Added Pin To Net: NetName=NetJ1_7 Pin=U8-P1
Added Net: Name=NetJ1_7
Added Pin To Net: NetName=NetJ1_8 Pin=J1-8
Added Pin To Net: NetName=NetJ1_8 Pin=P4-2
Added Pin To Net: NetName=NetJ1_8 Pin=R40-1
Added Pin To Net: NetName=NetJ1_8 Pin=U8-P4
Added Net: Name=NetJ1_8
Added Pin To Net: NetName=NetJ1_9 Pin=J1-9
Added Pin To Net: NetName=NetJ1_9 Pin=P4-3
Added Pin To Net: NetName=NetJ1_9 Pin=R41-1
Added Pin To Net: NetName=NetJ1_9 Pin=U8-P3
Added Net: Name=NetJ1_9
Added Pin To Net: NetName=NetJ1_CD Pin=J1-CD
Added Pin To Net: NetName=NetJ1_CD Pin=P4-5
Added Pin To Net: NetName=NetJ1_CD Pin=R43-1
Added Pin To Net: NetName=NetJ1_CD Pin=U8-M1
Added Net: Name=NetJ1_CD
Added Pin To Net: NetName=NetLED1_1 Pin=LED1-1
Added Pin To Net: NetName=NetLED1_1 Pin=R3-1
Added Net: Name=NetLED1_1
Added Pin To Net: NetName=NetLED1_2 Pin=LED1-2
Added Pin To Net: NetName=NetLED1_2 Pin=U10-18
Added Net: Name=NetLED1_2
Added Pin To Net: NetName=NetLED2_1 Pin=LED2-1
Added Pin To Net: NetName=NetLED2_1 Pin=R4-1
Added Net: Name=NetLED2_1
Added Pin To Net: NetName=NetLED2_2 Pin=LED2-2
Added Pin To Net: NetName=NetLED2_2 Pin=U10-16
Added Net: Name=NetLED2_2
Added Pin To Net: NetName=NetLED3_1 Pin=LED3-1
Added Pin To Net: NetName=NetLED3_1 Pin=R5-1
Added Net: Name=NetLED3_1
Added Pin To Net: NetName=NetLED3_2 Pin=LED3-2
Added Pin To Net: NetName=NetLED3_2 Pin=U10-14
Added Net: Name=NetLED3_2
Added Pin To Net: NetName=NetLED4_1 Pin=LED4-1
Added Pin To Net: NetName=NetLED4_1 Pin=R6-1
Added Net: Name=NetLED4_1
Added Pin To Net: NetName=NetLED4_2 Pin=LED4-2
Added Pin To Net: NetName=NetLED4_2 Pin=U10-12
Added Net: Name=NetLED4_2
Added Pin To Net: NetName=NetLED5_1 Pin=LED5-1
Added Pin To Net: NetName=NetLED5_1 Pin=R7-1
Added Net: Name=NetLED5_1
Added Pin To Net: NetName=NetLED5_2 Pin=LED5-2
Added Pin To Net: NetName=NetLED5_2 Pin=U10-9
Added Net: Name=NetLED5_2
Added Pin To Net: NetName=NetLED6_1 Pin=LED6-1
Added Pin To Net: NetName=NetLED6_1 Pin=R8-1
Added Net: Name=NetLED6_1
Added Pin To Net: NetName=NetLED6_2 Pin=LED6-2
Added Pin To Net: NetName=NetLED6_2 Pin=U10-7
Added Net: Name=NetLED6_2
Added Pin To Net: NetName=NetLED7_1 Pin=LED7-1
Added Pin To Net: NetName=NetLED7_1 Pin=R9-1
Added Net: Name=NetLED7_1
Added Pin To Net: NetName=NetLED7_2 Pin=LED7-2
Added Pin To Net: NetName=NetLED7_2 Pin=U10-5
Added Net: Name=NetLED7_2
Added Pin To Net: NetName=NetLED8_1 Pin=LED8-1
Added Pin To Net: NetName=NetLED8_1 Pin=R10-1
Added Net: Name=NetLED8_1
Added Pin To Net: NetName=NetLED8_2 Pin=LED8-2
Added Pin To Net: NetName=NetLED8_2 Pin=U10-3
Added Net: Name=NetLED8_2
Added Pin To Net: NetName=NetLED9_1 Pin=LED9-1
Added Pin To Net: NetName=NetLED9_1 Pin=R11-1
Added Net: Name=NetLED9_1
Added Pin To Net: NetName=NetLED9_2 Pin=LED9-2
Added Pin To Net: NetName=NetLED9_2 Pin=U1-J11
Added Net: Name=NetLED9_2
Added Pin To Net: NetName=NetLED10_1 Pin=LED10-1
Added Pin To Net: NetName=NetLED10_1 Pin=R12-1
Added Net: Name=NetLED10_1
Added Pin To Net: NetName=NetLED10_2 Pin=LED10-2
Added Pin To Net: NetName=NetLED10_2 Pin=U1-H9
Added Net: Name=NetLED10_2
Added Pin To Net: NetName=NetLED11_1 Pin=LED11-1
Added Pin To Net: NetName=NetLED11_1 Pin=R13-1
Added Net: Name=NetLED11_1
Added Pin To Net: NetName=NetLED11_2 Pin=LED11-2
Added Pin To Net: NetName=NetLED11_2 Pin=U1-H10
Added Net: Name=NetLED11_2
Added Pin To Net: NetName=NetLED12_1 Pin=LED12-1
Added Pin To Net: NetName=NetLED12_1 Pin=R14-1
Added Net: Name=NetLED12_1
Added Pin To Net: NetName=NetLED12_2 Pin=LED12-2
Added Pin To Net: NetName=NetLED12_2 Pin=U1-H11
Added Net: Name=NetLED12_2
Added Pin To Net: NetName=NetLED13_1 Pin=LED13-1
Added Pin To Net: NetName=NetLED13_1 Pin=R25-2
Added Net: Name=NetLED13_1
Added Pin To Net: NetName=NetLED14_1 Pin=LED14-1
Added Pin To Net: NetName=NetLED14_1 Pin=R26-1
Added Net: Name=NetLED14_1
Added Pin To Net: NetName=NetLED15_1 Pin=LED15-1
Added Pin To Net: NetName=NetLED15_1 Pin=R27-1
Added Net: Name=NetLED15_1
Added Pin To Net: NetName=NetLED16_1 Pin=LED16-1
Added Pin To Net: NetName=NetLED16_1 Pin=R57-2
Added Net: Name=NetLED16_1
Added Pin To Net: NetName=NetLED16_2 Pin=LED16-2
Added Pin To Net: NetName=NetLED16_2 Pin=R51-2
Added Pin To Net: NetName=NetLED16_2 Pin=U8-H10
Added Net: Name=NetLED16_2
Added Pin To Net: NetName=NetLED17_1 Pin=LED17-1
Added Pin To Net: NetName=NetLED17_1 Pin=R72-2
Added Net: Name=NetLED17_1
Added Pin To Net: NetName=Netnt0_0 Pin=nt0-0
Added Pin To Net: NetName=Netnt0_0 Pin=R69-2
Added Net: Name=Netnt0_0
Added Pin To Net: NetName=Netnt1_0 Pin=nt1-0
Added Pin To Net: NetName=Netnt1_0 Pin=R67-2
Added Net: Name=Netnt1_0
Added Pin To Net: NetName=NetP1_15 Pin=P1-15
Added Pin To Net: NetName=NetP1_15 Pin=SW1-2
Added Pin To Net: NetName=NetP1_15 Pin=U1-K6
Added Net: Name=NetP1_15
Added Pin To Net: NetName=NetP2_1 Pin=P2-1
Added Pin To Net: NetName=NetP2_1 Pin=R75-1
Added Pin To Net: NetName=NetP2_1 Pin=U2-2
Added Net: Name=NetP2_1
Added Pin To Net: NetName=NetP2_2 Pin=P2-2
Added Pin To Net: NetName=NetP2_2 Pin=R19-1
Added Net: Name=NetP2_2
Added Pin To Net: NetName=NetP2_3 Pin=P2-3
Added Pin To Net: NetName=NetP2_3 Pin=U2-5
Added Net: Name=NetP2_3
Added Pin To Net: NetName=NetP2_4 Pin=P2-4
Added Pin To Net: NetName=NetP2_4 Pin=R18-1
Added Net: Name=NetP2_4
Added Pin To Net: NetName=NetP2_5 Pin=P2-5
Added Pin To Net: NetName=NetP2_5 Pin=U2-6
Added Net: Name=NetP2_5
Added Pin To Net: NetName=NetP3_1 Pin=P3-1
Added Pin To Net: NetName=NetP3_1 Pin=R20-1
Added Net: Name=NetP3_1
Added Pin To Net: NetName=NetP3_2 Pin=P3-2
Added Pin To Net: NetName=NetP3_2 Pin=R17-1
Added Pin To Net: NetName=NetP3_2 Pin=U2-7
Added Net: Name=NetP3_2
Added Pin To Net: NetName=NetP3_3 Pin=P3-3
Added Pin To Net: NetName=NetP3_3 Pin=R21-1
Added Net: Name=NetP3_3
Added Pin To Net: NetName=NetP3_4 Pin=P3-4
Added Pin To Net: NetName=NetP3_4 Pin=R16-1
Added Pin To Net: NetName=NetP3_4 Pin=U2-3
Added Net: Name=NetP3_4
Added Pin To Net: NetName=NetP3_6 Pin=P3-6
Added Pin To Net: NetName=NetP3_6 Pin=R15-1
Added Pin To Net: NetName=NetP3_6 Pin=U2-1
Added Net: Name=NetP3_6
Added Pin To Net: NetName=NetP6_2 Pin=P6-2
Added Pin To Net: NetName=NetP6_2 Pin=R45-1
Added Net: Name=NetP6_2
Added Pin To Net: NetName=NetP8_1 Pin=P8-1
Added Pin To Net: NetName=NetP8_1 Pin=U8-R16
Added Net: Name=NetP8_1
Added Pin To Net: NetName=NetP8_2 Pin=P8-2
Added Pin To Net: NetName=NetP8_2 Pin=U8-T14
Added Net: Name=NetP8_2
Added Pin To Net: NetName=NetP8_3 Pin=P8-3
Added Pin To Net: NetName=NetP8_3 Pin=U8-T15
Added Net: Name=NetP8_3
Added Pin To Net: NetName=NetP8_4 Pin=P8-4
Added Pin To Net: NetName=NetP8_4 Pin=U8-N13
Added Net: Name=NetP8_4
Added Pin To Net: NetName=NetP8_5 Pin=P8-5
Added Pin To Net: NetName=NetP8_5 Pin=U8-P13
Added Net: Name=NetP8_5
Added Pin To Net: NetName=NetP8_6 Pin=P8-6
Added Pin To Net: NetName=NetP8_6 Pin=U8-N14
Added Net: Name=NetP8_6
Added Pin To Net: NetName=NetP8_7 Pin=P8-7
Added Pin To Net: NetName=NetP8_7 Pin=U8-P14
Added Net: Name=NetP8_7
Added Pin To Net: NetName=NetP8_8 Pin=P8-8
Added Pin To Net: NetName=NetP8_8 Pin=U8-N11
Added Net: Name=NetP8_8
Added Pin To Net: NetName=NetP8_9 Pin=P8-9
Added Pin To Net: NetName=NetP8_9 Pin=U8-N12
Added Net: Name=NetP8_9
Added Pin To Net: NetName=NetP8_10 Pin=P8-10
Added Pin To Net: NetName=NetP8_10 Pin=U8-P10
Added Net: Name=NetP8_10
Added Pin To Net: NetName=NetP8_11 Pin=P8-11
Added Pin To Net: NetName=NetP8_11 Pin=U8-P11
Added Net: Name=NetP8_11
Added Pin To Net: NetName=NetP8_12 Pin=P8-12
Added Pin To Net: NetName=NetP8_12 Pin=U8-R12
Added Net: Name=NetP8_12
Added Pin To Net: NetName=NetP8_13 Pin=P8-13
Added Pin To Net: NetName=NetP8_13 Pin=U8-T12
Added Net: Name=NetP8_13
Added Pin To Net: NetName=NetP8_14 Pin=P8-14
Added Pin To Net: NetName=NetP8_14 Pin=U8-R13
Added Net: Name=NetP8_14
Added Pin To Net: NetName=NetP8_15 Pin=P8-15
Added Pin To Net: NetName=NetP8_15 Pin=U8-T13
Added Net: Name=NetP8_15
Added Pin To Net: NetName=NetP8_16 Pin=P8-16
Added Pin To Net: NetName=NetP8_16 Pin=U8-R10
Added Net: Name=NetP8_16
Added Pin To Net: NetName=NetR22_1 Pin=R22-1
Added Pin To Net: NetName=NetR22_1 Pin=R26-2
Added Pin To Net: NetName=NetR22_1 Pin=U3-1
Added Pin To Net: NetName=NetR22_1 Pin=U4-6
Added Net: Name=NetR22_1
Added Pin To Net: NetName=NetR23_1 Pin=R23-1
Added Pin To Net: NetName=NetR23_1 Pin=R24-2
Added Pin To Net: NetName=NetR23_1 Pin=U3-5
Added Net: Name=NetR23_1
Added Pin To Net: NetName=NetR27_2 Pin=R27-2
Added Pin To Net: NetName=NetR27_2 Pin=R28-1
Added Pin To Net: NetName=NetR27_2 Pin=U4-1
Added Pin To Net: NetName=NetR27_2 Pin=U5-1
Added Net: Name=NetR27_2
Added Pin To Net: NetName=NetR29_1 Pin=R29-1
Added Pin To Net: NetName=NetR29_1 Pin=R31-2
Added Pin To Net: NetName=NetR29_1 Pin=U5-5
Added Net: Name=NetR29_1
Added Pin To Net: NetName=NetR30_1 Pin=R30-1
Added Pin To Net: NetName=NetR30_1 Pin=R32-2
Added Pin To Net: NetName=NetR30_1 Pin=U4-4
Added Net: Name=NetR30_1
Added Pin To Net: NetName=NetR33_1 Pin=R33-1
Added Pin To Net: NetName=NetR33_1 Pin=U6-1
Added Net: Name=NetR33_1
Added Pin To Net: NetName=NetR34_1 Pin=R34-1
Added Pin To Net: NetName=NetR34_1 Pin=R36-2
Added Pin To Net: NetName=NetR34_1 Pin=U6-5
Added Net: Name=NetR34_1
Added Pin To Net: NetName=NetR35_1 Pin=R35-1
Added Pin To Net: NetName=NetR35_1 Pin=R37-2
Added Pin To Net: NetName=NetR35_1 Pin=U4-3
Added Net: Name=NetR35_1
Added Pin To Net: NetName=NetR45_2 Pin=R45-2
Added Pin To Net: NetName=NetR45_2 Pin=U7-4
Added Net: Name=NetR45_2
Added Pin To Net: NetName=NetR46_1 Pin=R46-1
Added Pin To Net: NetName=NetR46_1 Pin=U7-32
Added Net: Name=NetR46_1
Added Pin To Net: NetName=NetR52_2 Pin=R52-2
Added Pin To Net: NetName=NetR52_2 Pin=U8-K10
Added Net: Name=NetR52_2
Added Pin To Net: NetName=NetR53_2 Pin=R53-2
Added Pin To Net: NetName=NetR53_2 Pin=SW3-2
Added Pin To Net: NetName=NetR53_2 Pin=U8-L9
Added Net: Name=NetR53_2
Added Pin To Net: NetName=NetR54_1 Pin=R54-1
Added Pin To Net: NetName=NetR54_1 Pin=SW2-6
Added Pin To Net: NetName=NetR54_1 Pin=U8-M9
Added Net: Name=NetR54_1
Added Pin To Net: NetName=NetR55_1 Pin=R55-1
Added Pin To Net: NetName=NetR55_1 Pin=SW2-5
Added Pin To Net: NetName=NetR55_1 Pin=U8-M10
Added Net: Name=NetR55_1
Added Pin To Net: NetName=NetR56_1 Pin=R56-1
Added Pin To Net: NetName=NetR56_1 Pin=SW2-4
Added Pin To Net: NetName=NetR56_1 Pin=U8-M11
Added Net: Name=NetR56_1
Added Pin To Net: NetName=NetR58_2 Pin=R58-2
Added Pin To Net: NetName=NetR58_2 Pin=R59-1
Added Pin To Net: NetName=NetR58_2 Pin=U8-L15
Added Net: Name=NetR58_2
Added Pin To Net: NetName=NetR60_2 Pin=R60-2
Added Pin To Net: NetName=NetR60_2 Pin=R65-1
Added Pin To Net: NetName=NetR60_2 Pin=U8-G5
Added Net: Name=NetR60_2
Added Pin To Net: NetName=NetR61_2 Pin=R61-2
Added Pin To Net: NetName=NetR61_2 Pin=U8-G4
Added Net: Name=NetR61_2
Added Pin To Net: NetName=NetR62_2 Pin=R62-2
Added Pin To Net: NetName=NetR62_2 Pin=U9-13
Added Net: Name=NetR62_2
Added Pin To Net: NetName=NetR63_2 Pin=R63-2
Added Pin To Net: NetName=NetR63_2 Pin=U9-10
Added Net: Name=NetR63_2
Added Pin To Net: NetName=NetR64_2 Pin=R64-2
Added Pin To Net: NetName=NetR64_2 Pin=U9-11
Added Net: Name=NetR64_2
Added Pin To Net: NetName=NetR65_2 Pin=R65-2
Added Pin To Net: NetName=NetR65_2 Pin=U8-E1
Added Net: Name=NetR65_2
Added Pin To Net: NetName=NetR70_2 Pin=R70-2
Added Net: Name=NetR70_2
Added Pin To Net: NetName=NetR71_2 Pin=R71-2
Added Net: Name=NetR71_2
Added Pin To Net: NetName=NetR74_1 Pin=R74-1
Added Pin To Net: NetName=NetR74_1 Pin=SW4-4
Added Net: Name=NetR74_1
Added Pin To Net: NetName=NetR76_2 Pin=R76-2
Added Net: Name=NetR76_2
Added Pin To Net: NetName=NetR77_2 Pin=R77-2
Added Net: Name=NetR77_2
Added Pin To Net: NetName=NetU8_G1 Pin=U8-G1
Added Pin To Net: NetName=NetU8_G1 Pin=U9-4
Added Net: Name=NetU8_G1
Added Pin To Net: NetName=NetU8_G2 Pin=U8-G2
Added Pin To Net: NetName=NetU8_G2 Pin=U9-5
Added Net: Name=NetU8_G2
Added Pin To Net: NetName=NetU8_H1 Pin=U8-H1
Added Pin To Net: NetName=NetU8_H1 Pin=U10-2
Added Net: Name=NetU8_H1
Added Pin To Net: NetName=NetU8_H2 Pin=U8-H2
Added Pin To Net: NetName=NetU8_H2 Pin=U9-8
Added Net: Name=NetU8_H2
Added Pin To Net: NetName=NetU8_H3 Pin=U8-H3
Added Pin To Net: NetName=NetU8_H3 Pin=U10-6
Added Net: Name=NetU8_H3
Added Pin To Net: NetName=NetU8_H4 Pin=U8-H4
Added Pin To Net: NetName=NetU8_H4 Pin=U9-6
Added Net: Name=NetU8_H4
Added Pin To Net: NetName=NetU8_H5 Pin=U8-H5
Added Pin To Net: NetName=NetU8_H5 Pin=U9-3
Added Net: Name=NetU8_H5
Added Pin To Net: NetName=NetU8_J1 Pin=U8-J1
Added Pin To Net: NetName=NetU8_J1 Pin=U10-11
Added Net: Name=NetU8_J1
Added Pin To Net: NetName=NetU8_J3 Pin=U8-J3
Added Pin To Net: NetName=NetU8_J3 Pin=U10-4
Added Net: Name=NetU8_J3
Added Pin To Net: NetName=NetU8_J4 Pin=U8-J4
Added Pin To Net: NetName=NetU8_J4 Pin=U9-9
Added Net: Name=NetU8_J4
Added Pin To Net: NetName=NetU8_J5 Pin=U8-J5
Added Pin To Net: NetName=NetU8_J5 Pin=U9-2
Added Net: Name=NetU8_J5
Added Pin To Net: NetName=NetU8_K1 Pin=U8-K1
Added Pin To Net: NetName=NetU8_K1 Pin=U10-8
Added Net: Name=NetU8_K1
Added Pin To Net: NetName=NetU8_K3 Pin=U8-K3
Added Pin To Net: NetName=NetU8_K3 Pin=U10-17
Added Net: Name=NetU8_K3
Added Pin To Net: NetName=NetU8_L2 Pin=U8-L2
Added Pin To Net: NetName=NetU8_L2 Pin=U10-15
Added Net: Name=NetU8_L2
Added Pin To Net: NetName=NetU8_L3 Pin=U8-L3
Added Pin To Net: NetName=NetU8_L3 Pin=U10-13
Added Net: Name=NetU8_L3
Added Pin To Net: NetName=SWCLK Pin=P1-9
Added Pin To Net: NetName=SWCLK Pin=U1-E8
Added Net: Name=SWCLK
Added Pin To Net: NetName=SWDIO Pin=P1-7
Added Pin To Net: NetName=SWDIO Pin=U1-D8
Added Net: Name=SWDIO
Added Pin To Net: NetName=SWO Pin=P1-13
Added Pin To Net: NetName=SWO Pin=U1-C8
Added Net: Name=SWO
Added Pin To Net: NetName=TCK_FPGA Pin=J2-6
Added Pin To Net: NetName=TCK_FPGA Pin=R48-1
Added Pin To Net: NetName=TCK_FPGA Pin=U8-L7
Added Net: Name=TCK_FPGA
Added Pin To Net: NetName=TDI_FPGA Pin=J2-10
Added Pin To Net: NetName=TDI_FPGA Pin=R50-1
Added Pin To Net: NetName=TDI_FPGA Pin=U8-N7
Added Net: Name=TDI_FPGA
Added Pin To Net: NetName=TDO_FPGA Pin=J2-8
Added Pin To Net: NetName=TDO_FPGA Pin=R49-1
Added Pin To Net: NetName=TDO_FPGA Pin=U8-N8
Added Net: Name=TDO_FPGA
Added Pin To Net: NetName=TMS_FPGA Pin=J2-4
Added Pin To Net: NetName=TMS_FPGA Pin=R47-1
Added Pin To Net: NetName=TMS_FPGA Pin=U8-M7
Added Net: Name=TMS_FPGA
Added Pin To Net: NetName=ULPI_BUS.CLKOUT Pin=P5-12
Added Pin To Net: NetName=ULPI_BUS.CLKOUT Pin=U7-14
Added Pin To Net: NetName=ULPI_BUS.CLKOUT Pin=U8-A2
Added Net: Name=ULPI_BUS.CLKOUT
Added Pin To Net: NetName=ULPI_BUS.D0 Pin=P5-1
Added Pin To Net: NetName=ULPI_BUS.D0 Pin=U7-24
Added Pin To Net: NetName=ULPI_BUS.D0 Pin=U8-B5
Added Net: Name=ULPI_BUS.D0
Added Pin To Net: NetName=ULPI_BUS.D1 Pin=P5-2
Added Pin To Net: NetName=ULPI_BUS.D1 Pin=U7-23
Added Pin To Net: NetName=ULPI_BUS.D1 Pin=U8-A5
Added Net: Name=ULPI_BUS.D1
Added Pin To Net: NetName=ULPI_BUS.D2 Pin=P5-3
Added Pin To Net: NetName=ULPI_BUS.D2 Pin=U7-22
Added Pin To Net: NetName=ULPI_BUS.D2 Pin=U8-A4
Added Net: Name=ULPI_BUS.D2
Added Pin To Net: NetName=ULPI_BUS.D3 Pin=P5-4
Added Pin To Net: NetName=ULPI_BUS.D3 Pin=U7-21
Added Pin To Net: NetName=ULPI_BUS.D3 Pin=U8-B4
Added Net: Name=ULPI_BUS.D3
Added Pin To Net: NetName=ULPI_BUS.D4 Pin=P5-5
Added Pin To Net: NetName=ULPI_BUS.D4 Pin=U7-20
Added Pin To Net: NetName=ULPI_BUS.D4 Pin=U8-A3
Added Net: Name=ULPI_BUS.D4
Added Pin To Net: NetName=ULPI_BUS.D5 Pin=P5-6
Added Pin To Net: NetName=ULPI_BUS.D5 Pin=U7-19
Added Pin To Net: NetName=ULPI_BUS.D5 Pin=U8-C7
Added Net: Name=ULPI_BUS.D5
Added Pin To Net: NetName=ULPI_BUS.D6 Pin=P5-7
Added Pin To Net: NetName=ULPI_BUS.D6 Pin=U7-18
Added Pin To Net: NetName=ULPI_BUS.D6 Pin=U8-C6
Added Net: Name=ULPI_BUS.D6
Added Pin To Net: NetName=ULPI_BUS.D7 Pin=P5-8
Added Pin To Net: NetName=ULPI_BUS.D7 Pin=U7-17
Added Pin To Net: NetName=ULPI_BUS.D7 Pin=U8-D6
Added Net: Name=ULPI_BUS.D7
Added Pin To Net: NetName=ULPI_BUS.DIR Pin=P5-11
Added Pin To Net: NetName=ULPI_BUS.DIR Pin=U7-12
Added Pin To Net: NetName=ULPI_BUS.DIR Pin=U8-B2
Added Net: Name=ULPI_BUS.DIR
Added Pin To Net: NetName=ULPI_BUS.NXT Pin=P5-10
Added Pin To Net: NetName=ULPI_BUS.NXT Pin=U7-11
Added Pin To Net: NetName=ULPI_BUS.NXT Pin=U8-C2
Added Net: Name=ULPI_BUS.NXT
Added Pin To Net: NetName=ULPI_BUS.RESET Pin=P5-13
Added Pin To Net: NetName=ULPI_BUS.RESET Pin=U7-9
Added Pin To Net: NetName=ULPI_BUS.RESET Pin=U8-C1
Added Net: Name=ULPI_BUS.RESET
Added Pin To Net: NetName=ULPI_BUS.STP Pin=P5-9
Added Pin To Net: NetName=ULPI_BUS.STP Pin=U7-13
Added Pin To Net: NetName=ULPI_BUS.STP Pin=U8-C3
Added Net: Name=ULPI_BUS.STP
Added Pin To Net: NetName=USB2_HS.D_N Pin=D3-1
Added Pin To Net: NetName=USB2_HS.D_N Pin=J4-2
Added Pin To Net: NetName=USB2_HS.D_N Pin=U7-8
Added Net: Name=USB2_HS.D_N
Added Pin To Net: NetName=USB2_HS.D_P Pin=D3-3
Added Pin To Net: NetName=USB2_HS.D_P Pin=J4-3
Added Pin To Net: NetName=USB2_HS.D_P Pin=U7-7
Added Net: Name=USB2_HS.D_P
Added Pin To Net: NetName=USB3300_1V8 Pin=C32-2
Added Pin To Net: NetName=USB3300_1V8 Pin=C33-2
Added Pin To Net: NetName=USB3300_1V8 Pin=U7-15
Added Pin To Net: NetName=USB3300_1V8 Pin=U7-26
Added Net: Name=USB3300_1V8
Added Pin To Net: NetName=USB3300_A1V8 Pin=C34-2
Added Pin To Net: NetName=USB3300_A1V8 Pin=C35-2
Added Pin To Net: NetName=USB3300_A1V8 Pin=U7-29
Added Net: Name=USB3300_A1V8
Added Pin To Net: NetName=USB_DM Pin=R1-1
Added Pin To Net: NetName=USB_DM Pin=U1-A10
Added Net: Name=USB_DM
Added Pin To Net: NetName=USB_DP Pin=R2-1
Added Pin To Net: NetName=USB_DP Pin=U1-A11
Added Net: Name=USB_DP
Added Class: Name=BANK0
Added Class: Name=BANK14
Added Class: Name=Bank15
Added Class: Name=Bank35
Added Class: Name=Configuration memory
Added Class: Name=Connectors
Added Class: Name=IO
Added Class: Name=LEDs
Added Class: Name=Power Supply
Added Class: Name=Power
Added Class: Name=SD
Added Class: Name=USB 2.0 PHY
Added Class: Name=USB_Transceiver
Added Class: Name=EBI.A[0..15]
Added Class: Name=EBI.D[0..15]
Added Differential Pair: Name=USB2_HS.D
Added Class: Name=BANK0_StructureClass
Added Class: Name=BANK14_StructureClass
Added Class: Name=Bank15_StructureClass
Added Class: Name=Bank34_StructureClass
Added Class: Name=Bank35_StructureClass
Added Class: Name=Configuration_StructureClass
Added Class: Name=Configuration memory_StructureClass
Added Class: Name=FPGA_StructureClass
Added Class: Name=main_StructureClass
Added Class: Name=MCU_StructureClass
Added Class: Name=Power_StructureClass
Added Class: Name=Power Supply_StructureClass
Added Class: Name=SD_StructureClass
Added Class: Name=USB 2.0 PHY_StructureClass
Added Class: Name=XC7A35TFTG256_IO_StructureClass
Added Room: Name=BANK0
Added Room: Name=BANK14
Added Room: Name=Bank15
Added Room: Name=Bank35
Added Room: Name=Configuration memory
Added Room: Name=Connectors
Added Room: Name=IO
Added Room: Name=LEDs
Added Room: Name=Power
Added Room: Name=Power
Added Room: Name=Power Supply
Added Room: Name=SD
Added Room: Name=USB 2.0 PHY
Added Room: Name=USB_Transceiver
